[23Jun2025 00:01:59.333] [Server thread/INFO] [net.minecraft.server.MinecraftServer/]: caraputi fell from a high place
[23Jun2025 00:01:59.350] [Server thread/INFO] [tombstone/]: The player caraputi has successfully been saved
[23Jun2025 00:02:23.909] [Server thread/INFO] [net.minecraft.server.MinecraftServer/]: [Not Secure] <caraputi> 1214 67 -3033
[23Jun2025 00:03:00.257] [Server thread/INFO] [net.minecraft.server.MinecraftServer/]: [Sofx0Loder: Teleported caraputi to 1214.500000, 67.000000, -3032.500000]
[23Jun2025 00:04:17.174] [Server thread/INFO] [net.minecraft.server.MinecraftServer/]: [Sofx0Loder: Set own game mode to Creative Mode]
[23Jun2025 00:04:38.560] [Server thread/INFO] [net.minecraft.server.MinecraftServer/]: [Sofx0Loder: Set own game mode to Survival Mode]
[23Jun2025 00:04:42.782] [Server thread/INFO] [net.minecraft.server.MinecraftServer/]: caraputi fell from a high place
[23Jun2025 00:04:42.814] [Server thread/INFO] [tombstone/]: The player caraputi has successfully been saved
[23Jun2025 00:04:58.117] [Server thread/INFO] [net.minecraft.server.MinecraftServer/]: [Not Secure] <caraputi> 1221 37 -2983
[23Jun2025 00:05:38.732] [Server thread/INFO] [net.minecraft.server.MinecraftServer/]: [Sofx0Loder: Teleported caraputi to 1214.500000, 67.000000, -3032.500000]
[23Jun2025 00:06:58.720] [Server thread/INFO] [net.minecraft.server.MinecraftServer/]: caraputi blew up
[23Jun2025 00:06:58.752] [Server thread/INFO] [tombstone/]: The player caraputi has successfully been saved
[23Jun2025 00:07:18.077] [Server thread/INFO] [net.minecraft.server.MinecraftServer/]: [Not Secure] <caraputi> 1221 34 -2983
[23Jun2025 00:08:59.136] [Server thread/INFO] [net.minecraft.server.MinecraftServer/]: [Sofx0Loder: Teleported caraputi to 1214.500000, 67.000000, -3032.500000]
[23Jun2025 00:09:55.812] [Server thread/INFO] [net.minecraft.server.MinecraftServer/]: Sofx0Loder has reached the goal [Strong or Careful]
[23Jun2025 00:09:55.812] [Server thread/INFO] [net.minecraft.server.MinecraftServer/]: Sofx0Loder was slain by Bluff
[23Jun2025 00:09:55.820] [Server thread/INFO] [tombstone/]: The player Sofx0Loder has successfully been saved
[23Jun2025 00:09:55.857] [Netty Epoll Server IO #1/ERROR] [net.bettercombat.network.ServerNetwork/]: Server handling Packets.C2S_AttackRequest - No current attack hand!
[23Jun2025 00:09:55.857] [Netty Epoll Server IO #1/ERROR] [net.bettercombat.network.ServerNetwork/]: Combo count: 10 is dual wielding: false
[23Jun2025 00:09:55.857] [Netty Epoll Server IO #1/ERROR] [net.bettercombat.network.ServerNetwork/]: Main-hand stack: 0 air
[23Jun2025 00:09:55.857] [Netty Epoll Server IO #1/ERROR] [net.bettercombat.network.ServerNetwork/]: Off-hand stack: 0 air
[23Jun2025 00:09:55.857] [Netty Epoll Server IO #1/ERROR] [net.bettercombat.network.ServerNetwork/]: Selected slot server: 0 | client: 0
[23Jun2025 00:11:20.667] [Server thread/INFO] [net.minecraft.server.MinecraftServer/]: [Sofx0Loder: Set own game mode to Spectator Mode]
[23Jun2025 00:11:39.259] [Server thread/INFO] [net.minecraft.server.MinecraftServer/]: [Sofx0Loder: Set own game mode to Survival Mode]
[23Jun2025 00:12:10.412] [Server thread/INFO] [net.minecraft.server.MinecraftServer/]: Flancito0_ has reached the goal [Greed may lead to loss]
[23Jun2025 00:12:43.932] [Server thread/INFO] [net.minecraft.server.MinecraftServer/]: [Sofx0Loder: Set own game mode to Spectator Mode]
[23Jun2025 00:12:56.405] [Server thread/INFO] [net.minecraft.server.MinecraftServer/]: Flancito0_ has made the advancement [Magic Writing]
[23Jun2025 00:13:49.808] [Server thread/INFO] [net.minecraft.server.MinecraftServer/]: [Sofx0Loder: Set own game mode to Survival Mode]
[23Jun2025 00:14:04.406] [Server thread/INFO] [net.minecraft.server.MinecraftServer/]: [Sofx0Loder: Teleported Flancito0_ to Sofx0Loder]
[23Jun2025 00:14:09.106] [Server thread/INFO] [net.minecraft.server.MinecraftServer/]: Flancito0_ has made the advancement [Sneak 100]
[23Jun2025 00:14:33.354] [Server thread/INFO] [net.minecraft.server.MinecraftServer/]: Sofx0Loder has made the advancement [Where Is The Stone Pen?]
[23Jun2025 00:15:07.115] [Server thread/INFO] [net.minecraft.server.MinecraftServer/]: [Sofx0Loder: Set own game mode to Spectator Mode]
[23Jun2025 00:15:41.221] [Server thread/INFO] [net.minecraft.server.MinecraftServer/]: [Sofx0Loder: Set own game mode to Survival Mode]
[23Jun2025 00:15:50.786] [Server thread/INFO] [net.minecraft.server.MinecraftServer/]: [Sofx0Loder: Teleported Flancito0_ to caraputi]
[23Jun2025 00:16:55.598] [Server thread/INFO] [net.minecraft.world.entity.npc.Villager/]: Villager VillagerEntityMCA['Marthinus'/190643, l='ServerLevel[medieval]', x=1163.65, y=86.00, z=-2801.70] died, message: 'Marthinus was slain by Husk'
[23Jun2025 00:16:55.598] [Server thread/INFO] [net.minecraft.world.entity.LivingEntity/]: Named entity VillagerEntityMCA['Marthinus'/190643, l='ServerLevel[medieval]', x=1163.65, y=86.00, z=-2801.70] died: Marthinus was slain by Husk
[23Jun2025 00:17:28.117] [Server thread/WARN] [net.minecraft.server.network.ServerGamePacketListenerImpl/]: Sofx0Loder moved wrongly!
[23Jun2025 00:17:29.754] [Server thread/WARN] [net.minecraft.server.network.ServerGamePacketListenerImpl/]: Sofx0Loder moved wrongly!
[23Jun2025 00:17:52.998] [Server thread/INFO] [net.minecraft.server.MinecraftServer/]: caraputi was slain by Husk
[23Jun2025 00:17:53.028] [Server thread/INFO] [tombstone/]: The player caraputi has successfully been saved
[23Jun2025 00:17:53.140] [Netty Epoll Server IO #4/ERROR] [net.bettercombat.network.ServerNetwork/]: Server handling Packets.C2S_AttackRequest - No current attack hand!
[23Jun2025 00:17:53.140] [Netty Epoll Server IO #4/ERROR] [net.bettercombat.network.ServerNetwork/]: Combo count: 3 is dual wielding: false
[23Jun2025 00:17:53.140] [Netty Epoll Server IO #4/ERROR] [net.bettercombat.network.ServerNetwork/]: Main-hand stack: 0 air
[23Jun2025 00:17:53.140] [Netty Epoll Server IO #4/ERROR] [net.bettercombat.network.ServerNetwork/]: Off-hand stack: 0 air
[23Jun2025 00:17:53.141] [Netty Epoll Server IO #4/ERROR] [net.bettercombat.network.ServerNetwork/]: Selected slot server: 3 | client: 3
[23Jun2025 00:18:20.471] [Server thread/INFO] [net.minecraft.server.MinecraftServer/]: [Sofx0Loder: Teleported caraputi to Flancito0_]
[23Jun2025 00:18:27.408] [Server thread/INFO] [net.minecraft.server.MinecraftServer/]: [Sofx0Loder: Set own game mode to Spectator Mode]
[23Jun2025 00:18:38.801] [Server thread/INFO] [net.minecraft.server.MinecraftServer/]: [Sofx0Loder: Set own game mode to Survival Mode]
[23Jun2025 00:19:31.511] [Server thread/INFO] [net.minecraft.server.MinecraftServer/]: caraputi has made the advancement [Rusted Root]
[23Jun2025 00:19:51.058] [Server thread/INFO] [net.minecraft.server.MinecraftServer/]: Flancito0_ has made the advancement [Rusted Root]
[23Jun2025 00:20:34.102] [Server thread/INFO] [net.minecraft.server.MinecraftServer/]: caraputi was slain by Husk
[23Jun2025 00:20:34.125] [Server thread/INFO] [tombstone/]: The player caraputi has successfully been saved
[23Jun2025 00:21:25.169] [Server thread/INFO] [net.minecraft.server.MinecraftServer/]: [Sofx0Loder: Set own game mode to Creative Mode]
[23Jun2025 00:21:37.829] [Server thread/INFO] [net.minecraft.server.MinecraftServer/]: [Sofx0Loder: Set own game mode to Survival Mode]
[23Jun2025 00:21:40.359] [Server thread/INFO] [net.minecraft.server.MinecraftServer/]: Sofx0Loder has made the advancement [No One Jumps for the Beef]
[23Jun2025 00:21:40.359] [Server thread/INFO] [net.minecraft.server.MinecraftServer/]: Sofx0Loder fell from a high place
[23Jun2025 00:21:40.361] [Server thread/INFO] [tombstone/]: The player Sofx0Loder has successfully been saved
[23Jun2025 00:21:54.784] [Server thread/INFO] [net.minecraft.server.MinecraftServer/]: [Sofx0Loder: Set own game mode to Spectator Mode]
[23Jun2025 00:22:03.255] [Server thread/INFO] [net.minecraft.server.MinecraftServer/]: [Sofx0Loder: Set own game mode to Survival Mode]
[23Jun2025 00:22:35.507] [Server thread/INFO] [net.minecraft.server.MinecraftServer/]: Sofx0Loder was slain by Tongbi, the Sculptor
[23Jun2025 00:22:35.517] [Server thread/INFO] [tombstone/]: The player Sofx0Loder has successfully been saved
[23Jun2025 00:22:56.237] [Server thread/INFO] [net.minecraft.server.MinecraftServer/]: caraputi was doomed to fall
[23Jun2025 00:22:56.250] [Server thread/INFO] [tombstone/]: The player caraputi has successfully been saved
[23Jun2025 00:24:05.764] [Server thread/INFO] [net.minecraft.server.MinecraftServer/]: [Sofx0Loder: Set own game mode to Spectator Mode]
[23Jun2025 00:24:12.406] [Server thread/INFO] [net.minecraft.server.MinecraftServer/]: caraputi was doomed to fall
[23Jun2025 00:24:12.420] [Server thread/INFO] [tombstone/]: The player caraputi has successfully been saved
[23Jun2025 00:24:29.053] [Server thread/INFO] [net.minecraft.server.MinecraftServer/]: [Sofx0Loder: Set own game mode to Survival Mode]
[23Jun2025 00:24:30.683] [Server thread/INFO] [net.minecraft.server.MinecraftServer/]: [Sofx0Loder: Set own game mode to Spectator Mode]
[23Jun2025 00:24:32.554] [Server thread/INFO] [net.minecraft.server.MinecraftServer/]: [Sofx0Loder: Set own game mode to Survival Mode]
[23Jun2025 00:24:57.551] [Server thread/INFO] [net.minecraft.server.MinecraftServer/]: Flancito0_ was slain by Hoglin
[23Jun2025 00:24:57.585] [Server thread/INFO] [tombstone/]: The player Flancito0_ has successfully been saved
[23Jun2025 00:24:58.969] [Server thread/INFO] [net.minecraft.server.MinecraftServer/]: Flancito0_ has made the advancement [The Most Useful Key]
[23Jun2025 00:25:07.260] [Server thread/INFO] [net.minecraft.server.MinecraftServer/]: Flancito0_ has reached the goal [A Fast Comeback]
[23Jun2025 00:25:18.778] [Server thread/INFO] [net.minecraft.server.MinecraftServer/]: [Sofx0Loder: Teleported Sofx0Loder to caraputi]
[23Jun2025 00:26:05.647] [Server thread/INFO] [net.minecraft.server.MinecraftServer/]: caraputi overheated to death
[23Jun2025 00:26:05.662] [Server thread/INFO] [tombstone/]: The player caraputi has successfully been saved
[23Jun2025 00:26:12.785] [Server thread/INFO] [net.minecraft.server.MinecraftServer/]: [Sofx0Loder: Teleported caraputi to Flancito0_]
[23Jun2025 00:26:50.262] [Server thread/INFO] [net.minecraft.server.MinecraftServer/]: caraputi has reached the goal [Pray to the Goddess]
[23Jun2025 00:30:15.875] [Server thread/INFO] [net.minecraft.server.MinecraftServer/]: caraputi has made the advancement [Traps and Curses]
[23Jun2025 00:30:17.213] [Server thread/INFO] [net.minecraft.server.MinecraftServer/]: [Sofx0Loder: Teleported caraputi to Sofx0Loder]
[23Jun2025 00:30:55.908] [Server thread/INFO] [net.minecraft.server.MinecraftServer/]: Flancito0_ has made the advancement [Traps and Curses]
[23Jun2025 00:31:07.048] [Server thread/INFO] [net.minecraft.server.MinecraftServer/]: Sofx0Loder has made the advancement [Traps and Curses]
[23Jun2025 00:31:51.848] [Server thread/INFO] [net.minecraft.server.MinecraftServer/]: Flancito0_ was slain by Husk
[23Jun2025 00:31:51.876] [Server thread/INFO] [tombstone/]: The player Flancito0_ has successfully been saved
[23Jun2025 00:31:53.019] [Server thread/INFO] [net.minecraft.server.MinecraftServer/]: [Sofx0Loder: Teleported 3 entities to Sofx0Loder]
[23Jun2025 00:31:59.659] [Server thread/INFO] [net.minecraft.server.MinecraftServer/]: [Sofx0Loder: Teleported 3 entities to Sofx0Loder]
[23Jun2025 00:32:32.523] [Server thread/INFO] [net.minecraft.server.MinecraftServer/]: [Sofx0Loder: Teleported Sofx0Loder to caraputi]
[23Jun2025 00:32:42.849] [Server thread/INFO] [net.minecraft.server.MinecraftServer/]: [Sofx0Loder: Set own game mode to Spectator Mode]
[23Jun2025 00:32:52.306] [Server thread/INFO] [net.minecraft.server.MinecraftServer/]: [Sofx0Loder: Set own game mode to Survival Mode]
[23Jun2025 00:33:02.695] [Server thread/INFO] [net.minecraft.server.MinecraftServer/]: caraputi was slain by Husk
[23Jun2025 00:33:02.719] [Server thread/INFO] [tombstone/]: The player caraputi has successfully been saved
[23Jun2025 00:33:09.584] [Server thread/INFO] [net.minecraft.server.MinecraftServer/]: Sofx0Loder has made the advancement [Your First Receptacle]
[23Jun2025 00:34:03.159] [Server thread/INFO] [net.minecraft.server.MinecraftServer/]: caraputi has made the advancement [A Strange Grave Dust]
[23Jun2025 00:34:19.045] [Server thread/INFO] [net.minecraft.server.MinecraftServer/]: caraputi was slain by Husk
[23Jun2025 00:34:19.066] [Server thread/INFO] [tombstone/]: The player caraputi has successfully been saved
[23Jun2025 00:34:19.174] [Netty Epoll Server IO #4/ERROR] [net.bettercombat.network.ServerNetwork/]: Server handling Packets.C2S_AttackRequest - No current attack hand!
[23Jun2025 00:34:19.174] [Netty Epoll Server IO #4/ERROR] [net.bettercombat.network.ServerNetwork/]: Combo count: 4 is dual wielding: false
[23Jun2025 00:34:19.174] [Netty Epoll Server IO #4/ERROR] [net.bettercombat.network.ServerNetwork/]: Main-hand stack: 0 air
[23Jun2025 00:34:19.174] [Netty Epoll Server IO #4/ERROR] [net.bettercombat.network.ServerNetwork/]: Off-hand stack: 0 air
[23Jun2025 00:34:19.174] [Netty Epoll Server IO #4/ERROR] [net.bettercombat.network.ServerNetwork/]: Selected slot server: 6 | client: 6
[23Jun2025 00:36:26.973] [Server thread/INFO] [net.minecraft.server.MinecraftServer/]: caraputi has made the advancement [Diamonds!]
[23Jun2025 00:37:38.549] [Server thread/INFO] [net.minecraft.server.MinecraftServer/]: [Sofx0Loder: Teleported Sofx0Loder to Flancito0_]
[23Jun2025 00:38:48.124] [Server thread/WARN] [net.minecraft.server.network.ServerGamePacketListenerImpl/]: Flancito0_ moved wrongly!
